app/build/outputs/logs/manifest-merger-debug-report.txt
-- Merging decision tree log ---
manifest
ADDED from src/main/AndroidManifest.xml:7:1-138:12
	xmlns:android
		ADDED from src/main/AndroidManifest.xml:7:11-69
	package
		ADDED from src/main/AndroidManifest.xml:8:5-32
		INJECTED from src/main/AndroidManifest.xml
		INJECTED from src/main/AndroidManifest.xml
	android:versionName
		ADDED from src/main/AndroidManifest.xml:10:5-30
		INJECTED from src/main/AndroidManifest.xml
		INJECTED from src/main/AndroidManifest.xml
	android:versionCode
		ADDED from src/main/AndroidManifest.xml:9:5-28
		INJECTED from src/main/AndroidManifest.xml
		INJECTED from src/main/AndroidManifest.xml
uses-sdk
ADDED from src/main/AndroidManifest.xml:12:5-14:41
	android:targetSdkVersion
		ADDED from src/main/AndroidManifest.xml:14:9-38
		INJECTED from src/main/AndroidManifest.xml
		INJECTED from src/main/AndroidManifest.xml
	android:minSdkVersion
		ADDED from src/main/AndroidManifest.xml:13:9-35
		INJECTED from src/main/AndroidManifest.xml
		INJECTED from src/main/AndroidManifest.xml
uses-permission#android.permission.INTERNET
ADDED from src/main/AndroidManifest.xml:15:5-66
	android:name
		ADDED from src/main/AndroidManifest.xml:15:22-64
uses-permission#android.permission.ACCESS_FINE_LOCATION
ADDED from src/main/AndroidManifest.xml:16:5-78
	android:name
		ADDED from src/main/AndroidManifest.xml:16:22-76
uses-permission#android.permission.WRITE_EXTERNAL_STORAGE
ADDED from src/main/AndroidManifest.xml:17:5-80
	android:name
		ADDED from src/main/AndroidManifest.xml:17:22-78
uses-permission#android.permission.VIBRATE
ADDED from src/main/AndroidManifest.xml:18:5-65
	android:name
		ADDED from src/main/AndroidManifest.xml:18:22-63
uses-permission#android.permission.READ_PHONE_STATE
ADDED from src/main/AndroidManifest.xml:19:5-74
	android:name
		ADDED from src/main/AndroidManifest.xml:19:22-72
uses-permission#android.permission.ACCESS_WIFI_STATE
ADDED from src/main/AndroidManifest.xml:20:5-75
	android:name
		ADDED from src/main/AndroidManifest.xml:20:22-73
uses-permission#android.permission.CAMERA
ADDED from src/main/AndroidManifest.xml:21:5-64
	android:name
		ADDED from src/main/AndroidManifest.xml:21:22-62
uses-permission#android.permission.ACCESS_NETWORK_STATE
ADDED from src/main/AndroidManifest.xml:22:5-79
	android:name
		ADDED from src/main/AndroidManifest.xml:22:22-76
uses-permission#android.permission.BLUETOOTH
ADDED from src/main/AndroidManifest.xml:24:5-68
	android:name
		ADDED from src/main/AndroidManifest.xml:24:22-65
uses-permission#android.permission.BLUETOOTH_ADMIN
ADDED from src/main/AndroidManifest.xml:25:5-74
	android:name
		ADDED from src/main/AndroidManifest.xml:25:22-71
uses-feature#0x00020000
ADDED from src/main/AndroidManifest.xml:27:2-75
	android:required
		ADDED from src/main/AndroidManifest.xml:27:49-72
	android:glEsVersion
		ADDED from src/main/AndroidManifest.xml:27:16-48
uses-feature#android.hardware.usb.host
ADDED from src/main/AndroidManifest.xml:28:2-58
	android:name
		ADDED from src/main/AndroidManifest.xml:28:16-56
application
ADDED from src/main/AndroidManifest.xml:30:5-136:19
	android:label
		ADDED from src/main/AndroidManifest.xml:34:9-41
	android:allowBackup
		ADDED from src/main/AndroidManifest.xml:32:9-35
	android:icon
		ADDED from src/main/AndroidManifest.xml:33:9-45
	android:theme
		ADDED from src/main/AndroidManifest.xml:35:9-40
	android:name
		ADDED from src/main/AndroidManifest.xml:31:9-46
activity#com.geocloud.app.Splash
ADDED from src/main/AndroidManifest.xml:38:11-44:20
	android:label
		ADDED from src/main/AndroidManifest.xml:39:18-50
	android:name
		ADDED from src/main/AndroidManifest.xml:38:32-70
intent-filter#android.intent.action.MAIN+android.intent.category.LAUNCHER
ADDED from src/main/AndroidManifest.xml:40:17-43:33
action#android.intent.action.MAIN
ADDED from src/main/AndroidManifest.xml:41:21-73
	android:name
		ADDED from src/main/AndroidManifest.xml:41:29-70
category#android.intent.category.LAUNCHER
ADDED from src/main/AndroidManifest.xml:42:21-81
	android:name
		ADDED from src/main/AndroidManifest.xml:42:31-78
activity#com.geocloud.app.MainActivity
ADDED from src/main/AndroidManifest.xml:48:9-56:20
	android:label
		ADDED from src/main/AndroidManifest.xml:50:13-45
	android:name
		ADDED from src/main/AndroidManifest.xml:49:13-57
intent-filter#android.intent.category.DEFAULT+com.example.test2.MAINACTIVITY
ADDED from src/main/AndroidManifest.xml:51:13-55:29
action#com.example.test2.MAINACTIVITY
ADDED from src/main/AndroidManifest.xml:52:17-73
	android:name
		ADDED from src/main/AndroidManifest.xml:52:25-70
category#android.intent.category.DEFAULT
ADDED from src/main/AndroidManifest.xml:54:17-76
	android:name
		ADDED from src/main/AndroidManifest.xml:54:27-73
activity#com.geocloud.app.GPS_Location
ADDED from src/main/AndroidManifest.xml:60:9-69:20
	android:screenOrientation
		ADDED from src/main/AndroidManifest.xml:63:13-49
	android:label
		ADDED from src/main/AndroidManifest.xml:62:13-45
	android:name
		ADDED from src/main/AndroidManifest.xml:61:13-57
intent-filter#android.intent.category.DEFAULT+com.example.test2.GPS
ADDED from src/main/AndroidManifest.xml:64:13-68:29
action#com.example.test2.GPS
ADDED from src/main/AndroidManifest.xml:65:17-64
	android:name
		ADDED from src/main/AndroidManifest.xml:65:25-61
activity#com.geocloud.app.OpenGLES20Activity
ADDED from src/main/AndroidManifest.xml:72:9-83:20
	android:screenOrientation
		ADDED from src/main/AndroidManifest.xml:75:13-49
	android:label
		ADDED from src/main/AndroidManifest.xml:74:13-45
	android:name
		ADDED from src/main/AndroidManifest.xml:73:13-63
intent-filter#android.intent.category.DEFAULT+com.example.test2.OpenGL
ADDED from src/main/AndroidManifest.xml:76:13-79:29
action#com.example.test2.OpenGL
ADDED from src/main/AndroidManifest.xml:77:17-67
	android:name
		ADDED from src/main/AndroidManifest.xml:77:25-64
activity#com.geocloud.app.MyGLSE20app
ADDED from src/main/AndroidManifest.xml:90:10-108:20
	android:screenOrientation
		ADDED from src/main/AndroidManifest.xml:94:13-49
	android:label
		ADDED from src/main/AndroidManifest.xml:92:13-45
	android:name
		ADDED from src/main/AndroidManifest.xml:91:13-56
	android:launchMode
		ADDED from src/main/AndroidManifest.xml:93:14-45
intent-filter#android.hardware.usb.action.USB_DEVICE_ATTACHED
ADDED from src/main/AndroidManifest.xml:101:13-103:29
action#android.hardware.usb.action.USB_DEVICE_ATTACHED
ADDED from src/main/AndroidManifest.xml:102:17-90
	android:name
		ADDED from src/main/AndroidManifest.xml:102:25-87
meta-data#android.hardware.usb.action.USB_DEVICE_ATTACHED
ADDED from src/main/AndroidManifest.xml:105:13-106:57
	android:resource
		ADDED from src/main/AndroidManifest.xml:106:17-54
	android:name
		ADDED from src/main/AndroidManifest.xml:105:24-86
activity#com.geocloud.modules.menu
ADDED from src/main/AndroidManifest.xml:115:9-123:20
	android:label
		ADDED from src/main/AndroidManifest.xml:117:13-45
	android:name
		ADDED from src/main/AndroidManifest.xml:116:13-53
intent-filter#android.intent.category.DEFAULT+com.example.test2.MENU
ADDED from src/main/AndroidManifest.xml:118:13-122:29
action#com.example.test2.MENU
ADDED from src/main/AndroidManifest.xml:119:17-65
	android:name
		ADDED from src/main/AndroidManifest.xml:119:25-62
activity#com.geocloud.app.MySurfaceView
ADDED from src/main/AndroidManifest.xml:125:10-133:20
	android:screenOrientation
		ADDED from src/main/AndroidManifest.xml:128:13-49
	android:label
		ADDED from src/main/AndroidManifest.xml:127:13-45
	android:name
		ADDED from src/main/AndroidManifest.xml:126:13-58
intent-filter#android.intent.category.DEFAULT+com.example.test2.MySurfaceView
ADDED from src/main/AndroidManifest.xml:129:13-132:29
action#com.example.test2.MySurfaceView
ADDED from src/main/AndroidManifest.xml:130:17-74
	android:name
		ADDED from src/main/AndroidManifest.xml:130:25-71